<?xml version="1.0" encoding="UTF-8"?>
<testsuite xmlns:xsi="http://www.w3.org/2001/XMLSchema-instance" xsi:noNamespaceSchemaLocation="https://maven.apache.org/surefire/maven-surefire-plugin/xsd/surefire-test-report.xsd" name="CucumberTests" time="16.911" tests="9" errors="0" skipped="0" failures="9">
  <properties>
[...]
</properties>
  <testcase name="runScenario" classname="CucumberTests" time="7.015">
    <failure message="Failed to load ApplicationContext" type="java.lang.IllegalStateException">java.lang.IllegalStateException: Failed to load ApplicationContext
Caused by: org.springframework.beans.factory.UnsatisfiedDependencyException: 
Error creating bean with name 'crearAtributoPage' defined in file [C:\Users\berdinas\IdeaProjects\delta_regresion_v1\delta_atributos_v2\target\test-classes\qa\pageobjects\CrearAtributoPage.class]: Unsatisfied dependency expressed through constructor parameter 0; nested exception is org.springframework.beans.factory.BeanCreationException: Error creating bean with name 'webDriver' defined in qa.conf.DriverConfig: Bean instantiation via factory method failed; nested exception is org.springframework.beans.BeanInstantiationException: Failed to instantiate [org.openqa.selenium.WebDriver]: Factory method 'webDriver' threw exception; nested exception is org.openqa.selenium.WebDriverException: unknown error: cannot find Chrome binary
Build info: version: '4.0.0-alpha-4', revision: 'c2d955b49e'
System info: host: 'MDZN0094', ip: '10.251.253.16', os.name: 'Windows 10', os.arch: 'amd64', os.version: '10.0', java.version: '1.8.0_251'
Driver info: driver.version: ChromeDriver
remote stacktrace: Backtrace:
	Ordinal0 [0x00579563+2725219]
	Ordinal0 [0x00478551+1672529]
	Ordinal0 [0x00360359+525145]
	Ordinal0 [0x002ECA64+51812]
	Ordinal0 [0x0030CC37+183351]
	Ordinal0 [0x0030CA3D+182845]
	Ordinal0 [0x0030A94B+174411]
	Ordinal0 [0x002F2528+75048]
	Ordinal0 [0x002F35A0+79264]
	Ordinal0 [0x002F3539+79161]
	Ordinal0 [0x0048D607+1758727]
	GetHandleVerifier [0x00696546+1050150]
	GetHandleVerifier [0x00696291+1049457]
	GetHandleVerifier [0x006A10D7+1094071]
	GetHandleVerifier [0x00696B46+1051686]
	Ordinal0 [0x00485B06+1727238]
	Ordinal0 [0x0048EB7B+1764219]
	Ordinal0 [0x0048ECE3+1764579]
	Ordinal0 [0x004A4C05+1854469]
	BaseThreadInitThunk [0x76006359+25]
	RtlGetAppContainerNamedObjectPath [0x777C7B74+228]
	RtlGetAppContainerNamedObjectPath [0x777C7B44+180]

Caused by: org.springframework.beans.factory.BeanCreationException: 
Error creating bean with name 'webDriver' defined in qa.conf.DriverConfig: Bean instantiation via factory method failed; nested exception is org.springframework.beans.BeanInstantiationException: Failed to instantiate [org.openqa.selenium.WebDriver]: Factory method 'webDriver' threw exception; nested exception is org.openqa.selenium.WebDriverException: unknown error: cannot find Chrome binary
Build info: version: '4.0.0-alpha-4', revision: 'c2d955b49e'
System info: host: 'MDZN0094', ip: '10.251.253.16', os.name: 'Windows 10', os.arch: 'amd64', os.version: '10.0', java.version: '1.8.0_251'
Driver info: driver.version: ChromeDriver
remote stacktrace: Backtrace:
	Ordinal0 [0x00579563+2725219]
	Ordinal0 [0x00478551+1672529]
	Ordinal0 [0x00360359+525145]
	Ordinal0 [0x002ECA64+51812]
	Ordinal0 [0x0030CC37+183351]
	Ordinal0 [0x0030CA3D+182845]
	Ordinal0 [0x0030A94B+174411]
	Ordinal0 [0x002F2528+75048]
	Ordinal0 [0x002F35A0+79264]
	Ordinal0 [0x002F3539+79161]
	Ordinal0 [0x0048D607+1758727]
	GetHandleVerifier [0x00696546+1050150]
	GetHandleVerifier [0x00696291+1049457]
	GetHandleVerifier [0x006A10D7+1094071]
	GetHandleVerifier [0x00696B46+1051686]
	Ordinal0 [0x00485B06+1727238]
	Ordinal0 [0x0048EB7B+1764219]
	Ordinal0 [0x0048ECE3+1764579]
	Ordinal0 [0x004A4C05+1854469]
	BaseThreadInitThunk [0x76006359+25]
	RtlGetAppContainerNamedObjectPath [0x777C7B74+228]
	RtlGetAppContainerNamedObjectPath [0x777C7B44+180]

Caused by: org.springframework.beans.BeanInstantiationException: 
Failed to instantiate [org.openqa.selenium.WebDriver]: Factory method 'webDriver' threw exception; nested exception is org.openqa.selenium.WebDriverException: unknown error: cannot find Chrome binary
Build info: version: '4.0.0-alpha-4', revision: 'c2d955b49e'
System info: host: 'MDZN0094', ip: '10.251.253.16', os.name: 'Windows 10', os.arch: 'amd64', os.version: '10.0', java.version: '1.8.0_251'
Driver info: driver.version: ChromeDriver
remote stacktrace: Backtrace:
	Ordinal0 [0x00579563+2725219]
	Ordinal0 [0x00478551+1672529]
	Ordinal0 [0x00360359+525145]
	Ordinal0 [0x002ECA64+51812]
	Ordinal0 [0x0030CC37+183351]
	Ordinal0 [0x0030CA3D+182845]
	Ordinal0 [0x0030A94B+174411]
	Ordinal0 [0x002F2528+75048]
	Ordinal0 [0x002F35A0+79264]
	Ordinal0 [0x002F3539+79161]
	Ordinal0 [0x0048D607+1758727]
	GetHandleVerifier [0x00696546+1050150]
	GetHandleVerifier [0x00696291+1049457]
	GetHandleVerifier [0x006A10D7+1094071]
	GetHandleVerifier [0x00696B46+1051686]
	Ordinal0 [0x00485B06+1727238]
	Ordinal0 [0x0048EB7B+1764219]
	Ordinal0 [0x0048ECE3+1764579]
	Ordinal0 [0x004A4C05+1854469]
	BaseThreadInitThunk [0x76006359+25]
	RtlGetAppContainerNamedObjectPath [0x777C7B74+228]
	RtlGetAppContainerNamedObjectPath [0x777C7B44+180]

Caused by: org.openqa.selenium.WebDriverException: 
unknown error: cannot find Chrome binary
Build info: version: '4.0.0-alpha-4', revision: 'c2d955b49e'
System info: host: 'MDZN0094', ip: '10.251.253.16', os.name: 'Windows 10', os.arch: 'amd64', os.version: '10.0', java.version: '1.8.0_251'
Driver info: driver.version: ChromeDriver
remote stacktrace: Backtrace:
	Ordinal0 [0x00579563+2725219]
	Ordinal0 [0x00478551+1672529]
	Ordinal0 [0x00360359+525145]
	Ordinal0 [0x002ECA64+51812]
	Ordinal0 [0x0030CC37+183351]
	Ordinal0 [0x0030CA3D+182845]
	Ordinal0 [0x0030A94B+174411]
	Ordinal0 [0x002F2528+75048]
	Ordinal0 [0x002F35A0+79264]
	Ordinal0 [0x002F3539+79161]
	Ordinal0 [0x0048D607+1758727]
	GetHandleVerifier [0x00696546+1050150]
	GetHandleVerifier [0x00696291+1049457]
	GetHandleVerifier [0x006A10D7+1094071]
	GetHandleVerifier [0x00696B46+1051686]
	Ordinal0 [0x00485B06+1727238]
	Ordinal0 [0x0048EB7B+1764219]
	Ordinal0 [0x0048ECE3+1764579]
	Ordinal0 [0x004A4C05+1854469]
	BaseThreadInitThunk [0x76006359+25]
	RtlGetAppContainerNamedObjectPath [0x777C7B74+228]
	RtlGetAppContainerNamedObjectPath [0x777C7B44+180]

</failure>
    <system-err><![CDATA[sep 02, 2020 7:38:28 PM io.cucumber.testng.TestNGCucumberRunner <init>
ADVERTENCIA: By default Cucumber is running in --non-strict mode.
This default will change to --strict and --non-strict will be removed.
You can use --strict or @CucumberOptions(strict = true) to suppress this warning
SLF4J: Failed to load class "org.slf4j.impl.StaticLoggerBinder".
SLF4J: Defaulting to no-operation (NOP) logger implementation
SLF4J: See http://www.slf4j.org/codes.html#StaticLoggerBinder for further details.
Starting ChromeDriver 83.0.4103.39 (ccbf011cb2d2b19b506d844400483861342c20cd-refs/branch-heads/4103@{#416}) on port 41264
Only local connections are allowed.
Please see https://chromedriver.chromium.org/security-considerations for suggestions on keeping ChromeDriver safe.
ChromeDriver was started successfully.
]]></system-err>
  </testcase>
  <testcase name="runScenario" classname="CucumberTests" time="0.882">
    <failure message="Failed to load ApplicationContext" type="java.lang.IllegalStateException">java.lang.IllegalStateException: Failed to load ApplicationContext
Caused by: org.springframework.beans.factory.UnsatisfiedDependencyException: 
Error creating bean with name 'crearAtributoPage' defined in file [C:\Users\berdinas\IdeaProjects\delta_regresion_v1\delta_atributos_v2\target\test-classes\qa\pageobjects\CrearAtributoPage.class]: Unsatisfied dependency expressed through constructor parameter 0; nested exception is org.springframework.beans.factory.BeanCreationException: Error creating bean with name 'webDriver' defined in qa.conf.DriverConfig: Bean instantiation via factory method failed; nested exception is org.springframework.beans.BeanInstantiationException: Failed to instantiate [org.openqa.selenium.WebDriver]: Factory method 'webDriver' threw exception; nested exception is org.openqa.selenium.WebDriverException: unknown error: cannot find Chrome binary
Build info: version: '4.0.0-alpha-4', revision: 'c2d955b49e'
System info: host: 'MDZN0094', ip: '10.251.253.16', os.name: 'Windows 10', os.arch: 'amd64', os.version: '10.0', java.version: '1.8.0_251'
Driver info: driver.version: ChromeDriver
remote stacktrace: Backtrace:
	Ordinal0 [0x00579563+2725219]
	Ordinal0 [0x00478551+1672529]
	Ordinal0 [0x00360359+525145]
	Ordinal0 [0x002ECA64+51812]
	Ordinal0 [0x0030CC37+183351]
	Ordinal0 [0x0030CA3D+182845]
	Ordinal0 [0x0030A94B+174411]
	Ordinal0 [0x002F2528+75048]
	Ordinal0 [0x002F35A0+79264]
	Ordinal0 [0x002F3539+79161]
	Ordinal0 [0x0048D607+1758727]
	GetHandleVerifier [0x00696546+1050150]
	GetHandleVerifier [0x00696291+1049457]
	GetHandleVerifier [0x006A10D7+1094071]
	GetHandleVerifier [0x00696B46+1051686]
	Ordinal0 [0x00485B06+1727238]
	Ordinal0 [0x0048EB7B+1764219]
	Ordinal0 [0x0048ECE3+1764579]
	Ordinal0 [0x004A4C05+1854469]
	BaseThreadInitThunk [0x76006359+25]
	RtlGetAppContainerNamedObjectPath [0x777C7B74+228]
	RtlGetAppContainerNamedObjectPath [0x777C7B44+180]

Caused by: org.springframework.beans.factory.BeanCreationException: 
Error creating bean with name 'webDriver' defined in qa.conf.DriverConfig: Bean instantiation via factory method failed; nested exception is org.springframework.beans.BeanInstantiationException: Failed to instantiate [org.openqa.selenium.WebDriver]: Factory method 'webDriver' threw exception; nested exception is org.openqa.selenium.WebDriverException: unknown error: cannot find Chrome binary
Build info: version: '4.0.0-alpha-4', revision: 'c2d955b49e'
System info: host: 'MDZN0094', ip: '10.251.253.16', os.name: 'Windows 10', os.arch: 'amd64', os.version: '10.0', java.version: '1.8.0_251'
Driver info: driver.version: ChromeDriver
remote stacktrace: Backtrace:
	Ordinal0 [0x00579563+2725219]
	Ordinal0 [0x00478551+1672529]
	Ordinal0 [0x00360359+525145]
	Ordinal0 [0x002ECA64+51812]
	Ordinal0 [0x0030CC37+183351]
	Ordinal0 [0x0030CA3D+182845]
	Ordinal0 [0x0030A94B+174411]
	Ordinal0 [0x002F2528+75048]
	Ordinal0 [0x002F35A0+79264]
	Ordinal0 [0x002F3539+79161]
	Ordinal0 [0x0048D607+1758727]
	GetHandleVerifier [0x00696546+1050150]
	GetHandleVerifier [0x00696291+1049457]
	GetHandleVerifier [0x006A10D7+1094071]
	GetHandleVerifier [0x00696B46+1051686]
	Ordinal0 [0x00485B06+1727238]
	Ordinal0 [0x0048EB7B+1764219]
	Ordinal0 [0x0048ECE3+1764579]
	Ordinal0 [0x004A4C05+1854469]
	BaseThreadInitThunk [0x76006359+25]
	RtlGetAppContainerNamedObjectPath [0x777C7B74+228]
	RtlGetAppContainerNamedObjectPath [0x777C7B44+180]

Caused by: org.springframework.beans.BeanInstantiationException: 
Failed to instantiate [org.openqa.selenium.WebDriver]: Factory method 'webDriver' threw exception; nested exception is org.openqa.selenium.WebDriverException: unknown error: cannot find Chrome binary
Build info: version: '4.0.0-alpha-4', revision: 'c2d955b49e'
System info: host: 'MDZN0094', ip: '10.251.253.16', os.name: 'Windows 10', os.arch: 'amd64', os.version: '10.0', java.version: '1.8.0_251'
Driver info: driver.version: ChromeDriver
remote stacktrace: Backtrace:
	Ordinal0 [0x00579563+2725219]
	Ordinal0 [0x00478551+1672529]
	Ordinal0 [0x00360359+525145]
	Ordinal0 [0x002ECA64+51812]
	Ordinal0 [0x0030CC37+183351]
	Ordinal0 [0x0030CA3D+182845]
	Ordinal0 [0x0030A94B+174411]
	Ordinal0 [0x002F2528+75048]
	Ordinal0 [0x002F35A0+79264]
	Ordinal0 [0x002F3539+79161]
	Ordinal0 [0x0048D607+1758727]
	GetHandleVerifier [0x00696546+1050150]
	GetHandleVerifier [0x00696291+1049457]
	GetHandleVerifier [0x006A10D7+1094071]
	GetHandleVerifier [0x00696B46+1051686]
	Ordinal0 [0x00485B06+1727238]
	Ordinal0 [0x0048EB7B+1764219]
	Ordinal0 [0x0048ECE3+1764579]
	Ordinal0 [0x004A4C05+1854469]
	BaseThreadInitThunk [0x76006359+25]
	RtlGetAppContainerNamedObjectPath [0x777C7B74+228]
	RtlGetAppContainerNamedObjectPath [0x777C7B44+180]

Caused by: org.openqa.selenium.WebDriverException: 
unknown error: cannot find Chrome binary
Build info: version: '4.0.0-alpha-4', revision: 'c2d955b49e'
System info: host: 'MDZN0094', ip: '10.251.253.16', os.name: 'Windows 10', os.arch: 'amd64', os.version: '10.0', java.version: '1.8.0_251'
Driver info: driver.version: ChromeDriver
remote stacktrace: Backtrace:
	Ordinal0 [0x00579563+2725219]
	Ordinal0 [0x00478551+1672529]
	Ordinal0 [0x00360359+525145]
	Ordinal0 [0x002ECA64+51812]
	Ordinal0 [0x0030CC37+183351]
	Ordinal0 [0x0030CA3D+182845]
	Ordinal0 [0x0030A94B+174411]
	Ordinal0 [0x002F2528+75048]
	Ordinal0 [0x002F35A0+79264]
	Ordinal0 [0x002F3539+79161]
	Ordinal0 [0x0048D607+1758727]
	GetHandleVerifier [0x00696546+1050150]
	GetHandleVerifier [0x00696291+1049457]
	GetHandleVerifier [0x006A10D7+1094071]
	GetHandleVerifier [0x00696B46+1051686]
	Ordinal0 [0x00485B06+1727238]
	Ordinal0 [0x0048EB7B+1764219]
	Ordinal0 [0x0048ECE3+1764579]
	Ordinal0 [0x004A4C05+1854469]
	BaseThreadInitThunk [0x76006359+25]
	RtlGetAppContainerNamedObjectPath [0x777C7B74+228]
	RtlGetAppContainerNamedObjectPath [0x777C7B44+180]

</failure>
    <system-err><![CDATA[Starting ChromeDriver 83.0.4103.39 (ccbf011cb2d2b19b506d844400483861342c20cd-refs/branch-heads/4103@{#416}) on port 45172
Only local connections are allowed.
Please see https://chromedriver.chromium.org/security-considerations for suggestions on keeping ChromeDriver safe.
ChromeDriver was started successfully.
]]></system-err>
  </testcase>
  <testcase name="runScenario" classname="CucumberTests" time="0.837">
    <failure message="Failed to load ApplicationContext" type="java.lang.IllegalStateException">java.lang.IllegalStateException: Failed to load ApplicationContext
Caused by: org.springframework.beans.factory.UnsatisfiedDependencyException: 
Error creating bean with name 'crearAtributoPage' defined in file [C:\Users\berdinas\IdeaProjects\delta_regresion_v1\delta_atributos_v2\target\test-classes\qa\pageobjects\CrearAtributoPage.class]: Unsatisfied dependency expressed through constructor parameter 0; nested exception is org.springframework.beans.factory.BeanCreationException: Error creating bean with name 'webDriver' defined in qa.conf.DriverConfig: Bean instantiation via factory method failed; nested exception is org.springframework.beans.BeanInstantiationException: Failed to instantiate [org.openqa.selenium.WebDriver]: Factory method 'webDriver' threw exception; nested exception is org.openqa.selenium.WebDriverException: unknown error: cannot find Chrome binary
Build info: version: '4.0.0-alpha-4', revision: 'c2d955b49e'
System info: host: 'MDZN0094', ip: '10.251.253.16', os.name: 'Windows 10', os.arch: 'amd64', os.version: '10.0', java.version: '1.8.0_251'
Driver info: driver.version: ChromeDriver
remote stacktrace: Backtrace:
	Ordinal0 [0x00579563+2725219]
	Ordinal0 [0x00478551+1672529]
	Ordinal0 [0x00360359+525145]
	Ordinal0 [0x002ECA64+51812]
	Ordinal0 [0x0030CC37+183351]
	Ordinal0 [0x0030CA3D+182845]
	Ordinal0 [0x0030A94B+174411]
	Ordinal0 [0x002F2528+75048]
	Ordinal0 [0x002F35A0+79264]
	Ordinal0 [0x002F3539+79161]
	Ordinal0 [0x0048D607+1758727]
	GetHandleVerifier [0x00696546+1050150]
	GetHandleVerifier [0x00696291+1049457]
	GetHandleVerifier [0x006A10D7+1094071]
	GetHandleVerifier [0x00696B46+1051686]
	Ordinal0 [0x00485B06+1727238]
	Ordinal0 [0x0048EB7B+1764219]
	Ordinal0 [0x0048ECE3+1764579]
	Ordinal0 [0x004A4C05+1854469]
	BaseThreadInitThunk [0x76006359+25]
	RtlGetAppContainerNamedObjectPath [0x777C7B74+228]
	RtlGetAppContainerNamedObjectPath [0x777C7B44+180]

Caused by: org.springframework.beans.factory.BeanCreationException: 
Error creating bean with name 'webDriver' defined in qa.conf.DriverConfig: Bean instantiation via factory method failed; nested exception is org.springframework.beans.BeanInstantiationException: Failed to instantiate [org.openqa.selenium.WebDriver]: Factory method 'webDriver' threw exception; nested exception is org.openqa.selenium.WebDriverException: unknown error: cannot find Chrome binary
Build info: version: '4.0.0-alpha-4', revision: 'c2d955b49e'
System info: host: 'MDZN0094', ip: '10.251.253.16', os.name: 'Windows 10', os.arch: 'amd64', os.version: '10.0', java.version: '1.8.0_251'
Driver info: driver.version: ChromeDriver
remote stacktrace: Backtrace:
	Ordinal0 [0x00579563+2725219]
	Ordinal0 [0x00478551+1672529]
	Ordinal0 [0x00360359+525145]
	Ordinal0 [0x002ECA64+51812]
	Ordinal0 [0x0030CC37+183351]
	Ordinal0 [0x0030CA3D+182845]
	Ordinal0 [0x0030A94B+174411]
	Ordinal0 [0x002F2528+75048]
	Ordinal0 [0x002F35A0+79264]
	Ordinal0 [0x002F3539+79161]
	Ordinal0 [0x0048D607+1758727]
	GetHandleVerifier [0x00696546+1050150]
	GetHandleVerifier [0x00696291+1049457]
	GetHandleVerifier [0x006A10D7+1094071]
	GetHandleVerifier [0x00696B46+1051686]
	Ordinal0 [0x00485B06+1727238]
	Ordinal0 [0x0048EB7B+1764219]
	Ordinal0 [0x0048ECE3+1764579]
	Ordinal0 [0x004A4C05+1854469]
	BaseThreadInitThunk [0x76006359+25]
	RtlGetAppContainerNamedObjectPath [0x777C7B74+228]
	RtlGetAppContainerNamedObjectPath [0x777C7B44+180]

Caused by: org.springframework.beans.BeanInstantiationException: 
Failed to instantiate [org.openqa.selenium.WebDriver]: Factory method 'webDriver' threw exception; nested exception is org.openqa.selenium.WebDriverException: unknown error: cannot find Chrome binary
Build info: version: '4.0.0-alpha-4', revision: 'c2d955b49e'
System info: host: 'MDZN0094', ip: '10.251.253.16', os.name: 'Windows 10', os.arch: 'amd64', os.version: '10.0', java.version: '1.8.0_251'
Driver info: driver.version: ChromeDriver
remote stacktrace: Backtrace:
	Ordinal0 [0x00579563+2725219]
	Ordinal0 [0x00478551+1672529]
	Ordinal0 [0x00360359+525145]
	Ordinal0 [0x002ECA64+51812]
	Ordinal0 [0x0030CC37+183351]
	Ordinal0 [0x0030CA3D+182845]
	Ordinal0 [0x0030A94B+174411]
	Ordinal0 [0x002F2528+75048]
	Ordinal0 [0x002F35A0+79264]
	Ordinal0 [0x002F3539+79161]
	Ordinal0 [0x0048D607+1758727]
	GetHandleVerifier [0x00696546+1050150]
	GetHandleVerifier [0x00696291+1049457]
	GetHandleVerifier [0x006A10D7+1094071]
	GetHandleVerifier [0x00696B46+1051686]
	Ordinal0 [0x00485B06+1727238]
	Ordinal0 [0x0048EB7B+1764219]
	Ordinal0 [0x0048ECE3+1764579]
	Ordinal0 [0x004A4C05+1854469]
	BaseThreadInitThunk [0x76006359+25]
	RtlGetAppContainerNamedObjectPath [0x777C7B74+228]
	RtlGetAppContainerNamedObjectPath [0x777C7B44+180]

Caused by: org.openqa.selenium.WebDriverException: 
unknown error: cannot find Chrome binary
Build info: version: '4.0.0-alpha-4', revision: 'c2d955b49e'
System info: host: 'MDZN0094', ip: '10.251.253.16', os.name: 'Windows 10', os.arch: 'amd64', os.version: '10.0', java.version: '1.8.0_251'
Driver info: driver.version: ChromeDriver
remote stacktrace: Backtrace:
	Ordinal0 [0x00579563+2725219]
	Ordinal0 [0x00478551+1672529]
	Ordinal0 [0x00360359+525145]
	Ordinal0 [0x002ECA64+51812]
	Ordinal0 [0x0030CC37+183351]
	Ordinal0 [0x0030CA3D+182845]
	Ordinal0 [0x0030A94B+174411]
	Ordinal0 [0x002F2528+75048]
	Ordinal0 [0x002F35A0+79264]
	Ordinal0 [0x002F3539+79161]
	Ordinal0 [0x0048D607+1758727]
	GetHandleVerifier [0x00696546+1050150]
	GetHandleVerifier [0x00696291+1049457]
	GetHandleVerifier [0x006A10D7+1094071]
	GetHandleVerifier [0x00696B46+1051686]
	Ordinal0 [0x00485B06+1727238]
	Ordinal0 [0x0048EB7B+1764219]
	Ordinal0 [0x0048ECE3+1764579]
	Ordinal0 [0x004A4C05+1854469]
	BaseThreadInitThunk [0x76006359+25]
	RtlGetAppContainerNamedObjectPath [0x777C7B74+228]
	RtlGetAppContainerNamedObjectPath [0x777C7B44+180]

</failure>
    <system-err><![CDATA[Starting ChromeDriver 83.0.4103.39 (ccbf011cb2d2b19b506d844400483861342c20cd-refs/branch-heads/4103@{#416}) on port 23297
Only local connections are allowed.
Please see https://chromedriver.chromium.org/security-considerations for suggestions on keeping ChromeDriver safe.
ChromeDriver was started successfully.
]]></system-err>
  </testcase>
  <testcase name="runScenario" classname="CucumberTests" time="0.802">
    <failure message="Failed to load ApplicationContext" type="java.lang.IllegalStateException">java.lang.IllegalStateException: Failed to load ApplicationContext
Caused by: org.springframework.beans.factory.UnsatisfiedDependencyException: 
Error creating bean with name 'crearAtributoPage' defined in file [C:\Users\berdinas\IdeaProjects\delta_regresion_v1\delta_atributos_v2\target\test-classes\qa\pageobjects\CrearAtributoPage.class]: Unsatisfied dependency expressed through constructor parameter 0; nested exception is org.springframework.beans.factory.BeanCreationException: Error creating bean with name 'webDriver' defined in qa.conf.DriverConfig: Bean instantiation via factory method failed; nested exception is org.springframework.beans.BeanInstantiationException: Failed to instantiate [org.openqa.selenium.WebDriver]: Factory method 'webDriver' threw exception; nested exception is org.openqa.selenium.WebDriverException: unknown error: cannot find Chrome binary
Build info: version: '4.0.0-alpha-4', revision: 'c2d955b49e'
System info: host: 'MDZN0094', ip: '10.251.253.16', os.name: 'Windows 10', os.arch: 'amd64', os.version: '10.0', java.version: '1.8.0_251'
Driver info: driver.version: ChromeDriver
remote stacktrace: Backtrace:
	Ordinal0 [0x00579563+2725219]
	Ordinal0 [0x00478551+1672529]
	Ordinal0 [0x00360359+525145]
	Ordinal0 [0x002ECA64+51812]
	Ordinal0 [0x0030CC37+183351]
	Ordinal0 [0x0030CA3D+182845]
	Ordinal0 [0x0030A94B+174411]
	Ordinal0 [0x002F2528+75048]
	Ordinal0 [0x002F35A0+79264]
	Ordinal0 [0x002F3539+79161]
	Ordinal0 [0x0048D607+1758727]
	GetHandleVerifier [0x00696546+1050150]
	GetHandleVerifier [0x00696291+1049457]
	GetHandleVerifier [0x006A10D7+1094071]
	GetHandleVerifier [0x00696B46+1051686]
	Ordinal0 [0x00485B06+1727238]
	Ordinal0 [0x0048EB7B+1764219]
	Ordinal0 [0x0048ECE3+1764579]
	Ordinal0 [0x004A4C05+1854469]
	BaseThreadInitThunk [0x76006359+25]
	RtlGetAppContainerNamedObjectPath [0x777C7B74+228]
	RtlGetAppContainerNamedObjectPath [0x777C7B44+180]

Caused by: org.springframework.beans.factory.BeanCreationException: 
Error creating bean with name 'webDriver' defined in qa.conf.DriverConfig: Bean instantiation via factory method failed; nested exception is org.springframework.beans.BeanInstantiationException: Failed to instantiate [org.openqa.selenium.WebDriver]: Factory method 'webDriver' threw exception; nested exception is org.openqa.selenium.WebDriverException: unknown error: cannot find Chrome binary
Build info: version: '4.0.0-alpha-4', revision: 'c2d955b49e'
System info: host: 'MDZN0094', ip: '10.251.253.16', os.name: 'Windows 10', os.arch: 'amd64', os.version: '10.0', java.version: '1.8.0_251'
Driver info: driver.version: ChromeDriver
remote stacktrace: Backtrace:
	Ordinal0 [0x00579563+2725219]
	Ordinal0 [0x00478551+1672529]
	Ordinal0 [0x00360359+525145]
	Ordinal0 [0x002ECA64+51812]
	Ordinal0 [0x0030CC37+183351]
	Ordinal0 [0x0030CA3D+182845]
	Ordinal0 [0x0030A94B+174411]
	Ordinal0 [0x002F2528+75048]
	Ordinal0 [0x002F35A0+79264]
	Ordinal0 [0x002F3539+79161]
	Ordinal0 [0x0048D607+1758727]
	GetHandleVerifier [0x00696546+1050150]
	GetHandleVerifier [0x00696291+1049457]
	GetHandleVerifier [0x006A10D7+1094071]
	GetHandleVerifier [0x00696B46+1051686]
	Ordinal0 [0x00485B06+1727238]
	Ordinal0 [0x0048EB7B+1764219]
	Ordinal0 [0x0048ECE3+1764579]
	Ordinal0 [0x004A4C05+1854469]
	BaseThreadInitThunk [0x76006359+25]
	RtlGetAppContainerNamedObjectPath [0x777C7B74+228]
	RtlGetAppContainerNamedObjectPath [0x777C7B44+180]

Caused by: org.springframework.beans.BeanInstantiationException: 
Failed to instantiate [org.openqa.selenium.WebDriver]: Factory method 'webDriver' threw exception; nested exception is org.openqa.selenium.WebDriverException: unknown error: cannot find Chrome binary
Build info: version: '4.0.0-alpha-4', revision: 'c2d955b49e'
System info: host: 'MDZN0094', ip: '10.251.253.16', os.name: 'Windows 10', os.arch: 'amd64', os.version: '10.0', java.version: '1.8.0_251'
Driver info: driver.version: ChromeDriver
remote stacktrace: Backtrace:
	Ordinal0 [0x00579563+2725219]
	Ordinal0 [0x00478551+1672529]
	Ordinal0 [0x00360359+525145]
	Ordinal0 [0x002ECA64+51812]
	Ordinal0 [0x0030CC37+183351]
	Ordinal0 [0x0030CA3D+182845]
	Ordinal0 [0x0030A94B+174411]
	Ordinal0 [0x002F2528+75048]
	Ordinal0 [0x002F35A0+79264]
	Ordinal0 [0x002F3539+79161]
	Ordinal0 [0x0048D607+1758727]
	GetHandleVerifier [0x00696546+1050150]
	GetHandleVerifier [0x00696291+1049457]
	GetHandleVerifier [0x006A10D7+1094071]
	GetHandleVerifier [0x00696B46+1051686]
	Ordinal0 [0x00485B06+1727238]
	Ordinal0 [0x0048EB7B+1764219]
	Ordinal0 [0x0048ECE3+1764579]
	Ordinal0 [0x004A4C05+1854469]
	BaseThreadInitThunk [0x76006359+25]
	RtlGetAppContainerNamedObjectPath [0x777C7B74+228]
	RtlGetAppContainerNamedObjectPath [0x777C7B44+180]

Caused by: org.openqa.selenium.WebDriverException: 
unknown error: cannot find Chrome binary
Build info: version: '4.0.0-alpha-4', revision: 'c2d955b49e'
System info: host: 'MDZN0094', ip: '10.251.253.16', os.name: 'Windows 10', os.arch: 'amd64', os.version: '10.0', java.version: '1.8.0_251'
Driver info: driver.version: ChromeDriver
remote stacktrace: Backtrace:
	Ordinal0 [0x00579563+2725219]
	Ordinal0 [0x00478551+1672529]
	Ordinal0 [0x00360359+525145]
	Ordinal0 [0x002ECA64+51812]
	Ordinal0 [0x0030CC37+183351]
	Ordinal0 [0x0030CA3D+182845]
	Ordinal0 [0x0030A94B+174411]
	Ordinal0 [0x002F2528+75048]
	Ordinal0 [0x002F35A0+79264]
	Ordinal0 [0x002F3539+79161]
	Ordinal0 [0x0048D607+1758727]
	GetHandleVerifier [0x00696546+1050150]
	GetHandleVerifier [0x00696291+1049457]
	GetHandleVerifier [0x006A10D7+1094071]
	GetHandleVerifier [0x00696B46+1051686]
	Ordinal0 [0x00485B06+1727238]
	Ordinal0 [0x0048EB7B+1764219]
	Ordinal0 [0x0048ECE3+1764579]
	Ordinal0 [0x004A4C05+1854469]
	BaseThreadInitThunk [0x76006359+25]
	RtlGetAppContainerNamedObjectPath [0x777C7B74+228]
	RtlGetAppContainerNamedObjectPath [0x777C7B44+180]

</failure>
    <system-err><![CDATA[Starting ChromeDriver 83.0.4103.39 (ccbf011cb2d2b19b506d844400483861342c20cd-refs/branch-heads/4103@{#416}) on port 42195
Only local connections are allowed.
Please see https://chromedriver.chromium.org/security-considerations for suggestions on keeping ChromeDriver safe.
ChromeDriver was started successfully.
]]></system-err>
  </testcase>
  <testcase name="runScenario" classname="CucumberTests" time="0.761">
    <failure message="Failed to load ApplicationContext" type="java.lang.IllegalStateException">java.lang.IllegalStateException: Failed to load ApplicationContext
Caused by: org.springframework.beans.factory.UnsatisfiedDependencyException: 
Error creating bean with name 'crearAtributoPage' defined in file [C:\Users\berdinas\IdeaProjects\delta_regresion_v1\delta_atributos_v2\target\test-classes\qa\pageobjects\CrearAtributoPage.class]: Unsatisfied dependency expressed through constructor parameter 0; nested exception is org.springframework.beans.factory.BeanCreationException: Error creating bean with name 'webDriver' defined in qa.conf.DriverConfig: Bean instantiation via factory method failed; nested exception is org.springframework.beans.BeanInstantiationException: Failed to instantiate [org.openqa.selenium.WebDriver]: Factory method 'webDriver' threw exception; nested exception is org.openqa.selenium.WebDriverException: unknown error: cannot find Chrome binary
Build info: version: '4.0.0-alpha-4', revision: 'c2d955b49e'
System info: host: 'MDZN0094', ip: '10.251.253.16', os.name: 'Windows 10', os.arch: 'amd64', os.version: '10.0', java.version: '1.8.0_251'
Driver info: driver.version: ChromeDriver
remote stacktrace: Backtrace:
	Ordinal0 [0x00579563+2725219]
	Ordinal0 [0x00478551+1672529]
	Ordinal0 [0x00360359+525145]
	Ordinal0 [0x002ECA64+51812]
	Ordinal0 [0x0030CC37+183351]
	Ordinal0 [0x0030CA3D+182845]
	Ordinal0 [0x0030A94B+174411]
	Ordinal0 [0x002F2528+75048]
	Ordinal0 [0x002F35A0+79264]
	Ordinal0 [0x002F3539+79161]
	Ordinal0 [0x0048D607+1758727]
	GetHandleVerifier [0x00696546+1050150]
	GetHandleVerifier [0x00696291+1049457]
	GetHandleVerifier [0x006A10D7+1094071]
	GetHandleVerifier [0x00696B46+1051686]
	Ordinal0 [0x00485B06+1727238]
	Ordinal0 [0x0048EB7B+1764219]
	Ordinal0 [0x0048ECE3+1764579]
	Ordinal0 [0x004A4C05+1854469]
	BaseThreadInitThunk [0x76006359+25]
	RtlGetAppContainerNamedObjectPath [0x777C7B74+228]
	RtlGetAppContainerNamedObjectPath [0x777C7B44+180]

Caused by: org.springframework.beans.factory.BeanCreationException: 
Error creating bean with name 'webDriver' defined in qa.conf.DriverConfig: Bean instantiation via factory method failed; nested exception is org.springframework.beans.BeanInstantiationException: Failed to instantiate [org.openqa.selenium.WebDriver]: Factory method 'webDriver' threw exception; nested exception is org.openqa.selenium.WebDriverException: unknown error: cannot find Chrome binary
Build info: version: '4.0.0-alpha-4', revision: 'c2d955b49e'
System info: host: 'MDZN0094', ip: '10.251.253.16', os.name: 'Windows 10', os.arch: 'amd64', os.version: '10.0', java.version: '1.8.0_251'
Driver info: driver.version: ChromeDriver
remote stacktrace: Backtrace:
	Ordinal0 [0x00579563+2725219]
	Ordinal0 [0x00478551+1672529]
	Ordinal0 [0x00360359+525145]
	Ordinal0 [0x002ECA64+51812]
	Ordinal0 [0x0030CC37+183351]
	Ordinal0 [0x0030CA3D+182845]
	Ordinal0 [0x0030A94B+174411]
	Ordinal0 [0x002F2528+75048]
	Ordinal0 [0x002F35A0+79264]
	Ordinal0 [0x002F3539+79161]
	Ordinal0 [0x0048D607+1758727]
	GetHandleVerifier [0x00696546+1050150]
	GetHandleVerifier [0x00696291+1049457]
	GetHandleVerifier [0x006A10D7+1094071]
	GetHandleVerifier [0x00696B46+1051686]
	Ordinal0 [0x00485B06+1727238]
	Ordinal0 [0x0048EB7B+1764219]
	Ordinal0 [0x0048ECE3+1764579]
	Ordinal0 [0x004A4C05+1854469]
	BaseThreadInitThunk [0x76006359+25]
	RtlGetAppContainerNamedObjectPath [0x777C7B74+228]
	RtlGetAppContainerNamedObjectPath [0x777C7B44+180]

Caused by: org.springframework.beans.BeanInstantiationException: 
Failed to instantiate [org.openqa.selenium.WebDriver]: Factory method 'webDriver' threw exception; nested exception is org.openqa.selenium.WebDriverException: unknown error: cannot find Chrome binary
Build info: version: '4.0.0-alpha-4', revision: 'c2d955b49e'
System info: host: 'MDZN0094', ip: '10.251.253.16', os.name: 'Windows 10', os.arch: 'amd64', os.version: '10.0', java.version: '1.8.0_251'
Driver info: driver.version: ChromeDriver
remote stacktrace: Backtrace:
	Ordinal0 [0x00579563+2725219]
	Ordinal0 [0x00478551+1672529]
	Ordinal0 [0x00360359+525145]
	Ordinal0 [0x002ECA64+51812]
	Ordinal0 [0x0030CC37+183351]
	Ordinal0 [0x0030CA3D+182845]
	Ordinal0 [0x0030A94B+174411]
	Ordinal0 [0x002F2528+75048]
	Ordinal0 [0x002F35A0+79264]
	Ordinal0 [0x002F3539+79161]
	Ordinal0 [0x0048D607+1758727]
	GetHandleVerifier [0x00696546+1050150]
	GetHandleVerifier [0x00696291+1049457]
	GetHandleVerifier [0x006A10D7+1094071]
	GetHandleVerifier [0x00696B46+1051686]
	Ordinal0 [0x00485B06+1727238]
	Ordinal0 [0x0048EB7B+1764219]
	Ordinal0 [0x0048ECE3+1764579]
	Ordinal0 [0x004A4C05+1854469]
	BaseThreadInitThunk [0x76006359+25]
	RtlGetAppContainerNamedObjectPath [0x777C7B74+228]
	RtlGetAppContainerNamedObjectPath [0x777C7B44+180]

Caused by: org.openqa.selenium.WebDriverException: 
unknown error: cannot find Chrome binary
Build info: version: '4.0.0-alpha-4', revision: 'c2d955b49e'
System info: host: 'MDZN0094', ip: '10.251.253.16', os.name: 'Windows 10', os.arch: 'amd64', os.version: '10.0', java.version: '1.8.0_251'
Driver info: driver.version: ChromeDriver
remote stacktrace: Backtrace:
	Ordinal0 [0x00579563+2725219]
	Ordinal0 [0x00478551+1672529]
	Ordinal0 [0x00360359+525145]
	Ordinal0 [0x002ECA64+51812]
	Ordinal0 [0x0030CC37+183351]
	Ordinal0 [0x0030CA3D+182845]
	Ordinal0 [0x0030A94B+174411]
	Ordinal0 [0x002F2528+75048]
	Ordinal0 [0x002F35A0+79264]
	Ordinal0 [0x002F3539+79161]
	Ordinal0 [0x0048D607+1758727]
	GetHandleVerifier [0x00696546+1050150]
	GetHandleVerifier [0x00696291+1049457]
	GetHandleVerifier [0x006A10D7+1094071]
	GetHandleVerifier [0x00696B46+1051686]
	Ordinal0 [0x00485B06+1727238]
	Ordinal0 [0x0048EB7B+1764219]
	Ordinal0 [0x0048ECE3+1764579]
	Ordinal0 [0x004A4C05+1854469]
	BaseThreadInitThunk [0x76006359+25]
	RtlGetAppContainerNamedObjectPath [0x777C7B74+228]
	RtlGetAppContainerNamedObjectPath [0x777C7B44+180]

</failure>
    <system-err><![CDATA[Starting ChromeDriver 83.0.4103.39 (ccbf011cb2d2b19b506d844400483861342c20cd-refs/branch-heads/4103@{#416}) on port 37328
Only local connections are allowed.
Please see https://chromedriver.chromium.org/security-considerations for suggestions on keeping ChromeDriver safe.
ChromeDriver was started successfully.
]]></system-err>
  </testcase>
  <testcase name="runScenario" classname="CucumberTests" time="0.752">
    <failure message="Failed to load ApplicationContext" type="java.lang.IllegalStateException">java.lang.IllegalStateException: Failed to load ApplicationContext
Caused by: org.springframework.beans.factory.UnsatisfiedDependencyException: 
Error creating bean with name 'crearAtributoPage' defined in file [C:\Users\berdinas\IdeaProjects\delta_regresion_v1\delta_atributos_v2\target\test-classes\qa\pageobjects\CrearAtributoPage.class]: Unsatisfied dependency expressed through constructor parameter 0; nested exception is org.springframework.beans.factory.BeanCreationException: Error creating bean with name 'webDriver' defined in qa.conf.DriverConfig: Bean instantiation via factory method failed; nested exception is org.springframework.beans.BeanInstantiationException: Failed to instantiate [org.openqa.selenium.WebDriver]: Factory method 'webDriver' threw exception; nested exception is org.openqa.selenium.WebDriverException: unknown error: cannot find Chrome binary
Build info: version: '4.0.0-alpha-4', revision: 'c2d955b49e'
System info: host: 'MDZN0094', ip: '10.251.253.16', os.name: 'Windows 10', os.arch: 'amd64', os.version: '10.0', java.version: '1.8.0_251'
Driver info: driver.version: ChromeDriver
remote stacktrace: Backtrace:
	Ordinal0 [0x00579563+2725219]
	Ordinal0 [0x00478551+1672529]
	Ordinal0 [0x00360359+525145]
	Ordinal0 [0x002ECA64+51812]
	Ordinal0 [0x0030CC37+183351]
	Ordinal0 [0x0030CA3D+182845]
	Ordinal0 [0x0030A94B+174411]
	Ordinal0 [0x002F2528+75048]
	Ordinal0 [0x002F35A0+79264]
	Ordinal0 [0x002F3539+79161]
	Ordinal0 [0x0048D607+1758727]
	GetHandleVerifier [0x00696546+1050150]
	GetHandleVerifier [0x00696291+1049457]
	GetHandleVerifier [0x006A10D7+1094071]
	GetHandleVerifier [0x00696B46+1051686]
	Ordinal0 [0x00485B06+1727238]
	Ordinal0 [0x0048EB7B+1764219]
	Ordinal0 [0x0048ECE3+1764579]
	Ordinal0 [0x004A4C05+1854469]
	BaseThreadInitThunk [0x76006359+25]
	RtlGetAppContainerNamedObjectPath [0x777C7B74+228]
	RtlGetAppContainerNamedObjectPath [0x777C7B44+180]

Caused by: org.springframework.beans.factory.BeanCreationException: 
Error creating bean with name 'webDriver' defined in qa.conf.DriverConfig: Bean instantiation via factory method failed; nested exception is org.springframework.beans.BeanInstantiationException: Failed to instantiate [org.openqa.selenium.WebDriver]: Factory method 'webDriver' threw exception; nested exception is org.openqa.selenium.WebDriverException: unknown error: cannot find Chrome binary
Build info: version: '4.0.0-alpha-4', revision: 'c2d955b49e'
System info: host: 'MDZN0094', ip: '10.251.253.16', os.name: 'Windows 10', os.arch: 'amd64', os.version: '10.0', java.version: '1.8.0_251'
Driver info: driver.version: ChromeDriver
remote stacktrace: Backtrace:
	Ordinal0 [0x00579563+2725219]
	Ordinal0 [0x00478551+1672529]
	Ordinal0 [0x00360359+525145]
	Ordinal0 [0x002ECA64+51812]
	Ordinal0 [0x0030CC37+183351]
	Ordinal0 [0x0030CA3D+182845]
	Ordinal0 [0x0030A94B+174411]
	Ordinal0 [0x002F2528+75048]
	Ordinal0 [0x002F35A0+79264]
	Ordinal0 [0x002F3539+79161]
	Ordinal0 [0x0048D607+1758727]
	GetHandleVerifier [0x00696546+1050150]
	GetHandleVerifier [0x00696291+1049457]
	GetHandleVerifier [0x006A10D7+1094071]
	GetHandleVerifier [0x00696B46+1051686]
	Ordinal0 [0x00485B06+1727238]
	Ordinal0 [0x0048EB7B+1764219]
	Ordinal0 [0x0048ECE3+1764579]
	Ordinal0 [0x004A4C05+1854469]
	BaseThreadInitThunk [0x76006359+25]
	RtlGetAppContainerNamedObjectPath [0x777C7B74+228]
	RtlGetAppContainerNamedObjectPath [0x777C7B44+180]

Caused by: org.springframework.beans.BeanInstantiationException: 
Failed to instantiate [org.openqa.selenium.WebDriver]: Factory method 'webDriver' threw exception; nested exception is org.openqa.selenium.WebDriverException: unknown error: cannot find Chrome binary
Build info: version: '4.0.0-alpha-4', revision: 'c2d955b49e'
System info: host: 'MDZN0094', ip: '10.251.253.16', os.name: 'Windows 10', os.arch: 'amd64', os.version: '10.0', java.version: '1.8.0_251'
Driver info: driver.version: ChromeDriver
remote stacktrace: Backtrace:
	Ordinal0 [0x00579563+2725219]
	Ordinal0 [0x00478551+1672529]
	Ordinal0 [0x00360359+525145]
	Ordinal0 [0x002ECA64+51812]
	Ordinal0 [0x0030CC37+183351]
	Ordinal0 [0x0030CA3D+182845]
	Ordinal0 [0x0030A94B+174411]
	Ordinal0 [0x002F2528+75048]
	Ordinal0 [0x002F35A0+79264]
	Ordinal0 [0x002F3539+79161]
	Ordinal0 [0x0048D607+1758727]
	GetHandleVerifier [0x00696546+1050150]
	GetHandleVerifier [0x00696291+1049457]
	GetHandleVerifier [0x006A10D7+1094071]
	GetHandleVerifier [0x00696B46+1051686]
	Ordinal0 [0x00485B06+1727238]
	Ordinal0 [0x0048EB7B+1764219]
	Ordinal0 [0x0048ECE3+1764579]
	Ordinal0 [0x004A4C05+1854469]
	BaseThreadInitThunk [0x76006359+25]
	RtlGetAppContainerNamedObjectPath [0x777C7B74+228]
	RtlGetAppContainerNamedObjectPath [0x777C7B44+180]

Caused by: org.openqa.selenium.WebDriverException: 
unknown error: cannot find Chrome binary
Build info: version: '4.0.0-alpha-4', revision: 'c2d955b49e'
System info: host: 'MDZN0094', ip: '10.251.253.16', os.name: 'Windows 10', os.arch: 'amd64', os.version: '10.0', java.version: '1.8.0_251'
Driver info: driver.version: ChromeDriver
remote stacktrace: Backtrace:
	Ordinal0 [0x00579563+2725219]
	Ordinal0 [0x00478551+1672529]
	Ordinal0 [0x00360359+525145]
	Ordinal0 [0x002ECA64+51812]
	Ordinal0 [0x0030CC37+183351]
	Ordinal0 [0x0030CA3D+182845]
	Ordinal0 [0x0030A94B+174411]
	Ordinal0 [0x002F2528+75048]
	Ordinal0 [0x002F35A0+79264]
	Ordinal0 [0x002F3539+79161]
	Ordinal0 [0x0048D607+1758727]
	GetHandleVerifier [0x00696546+1050150]
	GetHandleVerifier [0x00696291+1049457]
	GetHandleVerifier [0x006A10D7+1094071]
	GetHandleVerifier [0x00696B46+1051686]
	Ordinal0 [0x00485B06+1727238]
	Ordinal0 [0x0048EB7B+1764219]
	Ordinal0 [0x0048ECE3+1764579]
	Ordinal0 [0x004A4C05+1854469]
	BaseThreadInitThunk [0x76006359+25]
	RtlGetAppContainerNamedObjectPath [0x777C7B74+228]
	RtlGetAppContainerNamedObjectPath [0x777C7B44+180]

</failure>
    <system-err><![CDATA[Starting ChromeDriver 83.0.4103.39 (ccbf011cb2d2b19b506d844400483861342c20cd-refs/branch-heads/4103@{#416}) on port 13985
Only local connections are allowed.
Please see https://chromedriver.chromium.org/security-considerations for suggestions on keeping ChromeDriver safe.
ChromeDriver was started successfully.
]]></system-err>
  </testcase>
  <testcase name="runScenario" classname="CucumberTests" time="0.733">
    <failure message="Failed to load ApplicationContext" type="java.lang.IllegalStateException">java.lang.IllegalStateException: Failed to load ApplicationContext
Caused by: org.springframework.beans.factory.UnsatisfiedDependencyException: 
Error creating bean with name 'crearAtributoPage' defined in file [C:\Users\berdinas\IdeaProjects\delta_regresion_v1\delta_atributos_v2\target\test-classes\qa\pageobjects\CrearAtributoPage.class]: Unsatisfied dependency expressed through constructor parameter 0; nested exception is org.springframework.beans.factory.BeanCreationException: Error creating bean with name 'webDriver' defined in qa.conf.DriverConfig: Bean instantiation via factory method failed; nested exception is org.springframework.beans.BeanInstantiationException: Failed to instantiate [org.openqa.selenium.WebDriver]: Factory method 'webDriver' threw exception; nested exception is org.openqa.selenium.WebDriverException: unknown error: cannot find Chrome binary
Build info: version: '4.0.0-alpha-4', revision: 'c2d955b49e'
System info: host: 'MDZN0094', ip: '10.251.253.16', os.name: 'Windows 10', os.arch: 'amd64', os.version: '10.0', java.version: '1.8.0_251'
Driver info: driver.version: ChromeDriver
remote stacktrace: Backtrace:
	Ordinal0 [0x00579563+2725219]
	Ordinal0 [0x00478551+1672529]
	Ordinal0 [0x00360359+525145]
	Ordinal0 [0x002ECA64+51812]
	Ordinal0 [0x0030CC37+183351]
	Ordinal0 [0x0030CA3D+182845]
	Ordinal0 [0x0030A94B+174411]
	Ordinal0 [0x002F2528+75048]
	Ordinal0 [0x002F35A0+79264]
	Ordinal0 [0x002F3539+79161]
	Ordinal0 [0x0048D607+1758727]
	GetHandleVerifier [0x00696546+1050150]
	GetHandleVerifier [0x00696291+1049457]
	GetHandleVerifier [0x006A10D7+1094071]
	GetHandleVerifier [0x00696B46+1051686]
	Ordinal0 [0x00485B06+1727238]
	Ordinal0 [0x0048EB7B+1764219]
	Ordinal0 [0x0048ECE3+1764579]
	Ordinal0 [0x004A4C05+1854469]
	BaseThreadInitThunk [0x76006359+25]
	RtlGetAppContainerNamedObjectPath [0x777C7B74+228]
	RtlGetAppContainerNamedObjectPath [0x777C7B44+180]

Caused by: org.springframework.beans.factory.BeanCreationException: 
Error creating bean with name 'webDriver' defined in qa.conf.DriverConfig: Bean instantiation via factory method failed; nested exception is org.springframework.beans.BeanInstantiationException: Failed to instantiate [org.openqa.selenium.WebDriver]: Factory method 'webDriver' threw exception; nested exception is org.openqa.selenium.WebDriverException: unknown error: cannot find Chrome binary
Build info: version: '4.0.0-alpha-4', revision: 'c2d955b49e'
System info: host: 'MDZN0094', ip: '10.251.253.16', os.name: 'Windows 10', os.arch: 'amd64', os.version: '10.0', java.version: '1.8.0_251'
Driver info: driver.version: ChromeDriver
remote stacktrace: Backtrace:
	Ordinal0 [0x00579563+2725219]
	Ordinal0 [0x00478551+1672529]
	Ordinal0 [0x00360359+525145]
	Ordinal0 [0x002ECA64+51812]
	Ordinal0 [0x0030CC37+183351]
	Ordinal0 [0x0030CA3D+182845]
	Ordinal0 [0x0030A94B+174411]
	Ordinal0 [0x002F2528+75048]
	Ordinal0 [0x002F35A0+79264]
	Ordinal0 [0x002F3539+79161]
	Ordinal0 [0x0048D607+1758727]
	GetHandleVerifier [0x00696546+1050150]
	GetHandleVerifier [0x00696291+1049457]
	GetHandleVerifier [0x006A10D7+1094071]
	GetHandleVerifier [0x00696B46+1051686]
	Ordinal0 [0x00485B06+1727238]
	Ordinal0 [0x0048EB7B+1764219]
	Ordinal0 [0x0048ECE3+1764579]
	Ordinal0 [0x004A4C05+1854469]
	BaseThreadInitThunk [0x76006359+25]
	RtlGetAppContainerNamedObjectPath [0x777C7B74+228]
	RtlGetAppContainerNamedObjectPath [0x777C7B44+180]

Caused by: org.springframework.beans.BeanInstantiationException: 
Failed to instantiate [org.openqa.selenium.WebDriver]: Factory method 'webDriver' threw exception; nested exception is org.openqa.selenium.WebDriverException: unknown error: cannot find Chrome binary
Build info: version: '4.0.0-alpha-4', revision: 'c2d955b49e'
System info: host: 'MDZN0094', ip: '10.251.253.16', os.name: 'Windows 10', os.arch: 'amd64', os.version: '10.0', java.version: '1.8.0_251'
Driver info: driver.version: ChromeDriver
remote stacktrace: Backtrace:
	Ordinal0 [0x00579563+2725219]
	Ordinal0 [0x00478551+1672529]
	Ordinal0 [0x00360359+525145]
	Ordinal0 [0x002ECA64+51812]
	Ordinal0 [0x0030CC37+183351]
	Ordinal0 [0x0030CA3D+182845]
	Ordinal0 [0x0030A94B+174411]
	Ordinal0 [0x002F2528+75048]
	Ordinal0 [0x002F35A0+79264]
	Ordinal0 [0x002F3539+79161]
	Ordinal0 [0x0048D607+1758727]
	GetHandleVerifier [0x00696546+1050150]
	GetHandleVerifier [0x00696291+1049457]
	GetHandleVerifier [0x006A10D7+1094071]
	GetHandleVerifier [0x00696B46+1051686]
	Ordinal0 [0x00485B06+1727238]
	Ordinal0 [0x0048EB7B+1764219]
	Ordinal0 [0x0048ECE3+1764579]
	Ordinal0 [0x004A4C05+1854469]
	BaseThreadInitThunk [0x76006359+25]
	RtlGetAppContainerNamedObjectPath [0x777C7B74+228]
	RtlGetAppContainerNamedObjectPath [0x777C7B44+180]

Caused by: org.openqa.selenium.WebDriverException: 
unknown error: cannot find Chrome binary
Build info: version: '4.0.0-alpha-4', revision: 'c2d955b49e'
System info: host: 'MDZN0094', ip: '10.251.253.16', os.name: 'Windows 10', os.arch: 'amd64', os.version: '10.0', java.version: '1.8.0_251'
Driver info: driver.version: ChromeDriver
remote stacktrace: Backtrace:
	Ordinal0 [0x00579563+2725219]
	Ordinal0 [0x00478551+1672529]
	Ordinal0 [0x00360359+525145]
	Ordinal0 [0x002ECA64+51812]
	Ordinal0 [0x0030CC37+183351]
	Ordinal0 [0x0030CA3D+182845]
	Ordinal0 [0x0030A94B+174411]
	Ordinal0 [0x002F2528+75048]
	Ordinal0 [0x002F35A0+79264]
	Ordinal0 [0x002F3539+79161]
	Ordinal0 [0x0048D607+1758727]
	GetHandleVerifier [0x00696546+1050150]
	GetHandleVerifier [0x00696291+1049457]
	GetHandleVerifier [0x006A10D7+1094071]
	GetHandleVerifier [0x00696B46+1051686]
	Ordinal0 [0x00485B06+1727238]
	Ordinal0 [0x0048EB7B+1764219]
	Ordinal0 [0x0048ECE3+1764579]
	Ordinal0 [0x004A4C05+1854469]
	BaseThreadInitThunk [0x76006359+25]
	RtlGetAppContainerNamedObjectPath [0x777C7B74+228]
	RtlGetAppContainerNamedObjectPath [0x777C7B44+180]

</failure>
    <system-err><![CDATA[Starting ChromeDriver 83.0.4103.39 (ccbf011cb2d2b19b506d844400483861342c20cd-refs/branch-heads/4103@{#416}) on port 8329
Only local connections are allowed.
Please see https://chromedriver.chromium.org/security-considerations for suggestions on keeping ChromeDriver safe.
ChromeDriver was started successfully.
]]></system-err>
  </testcase>
  <testcase name="runScenario" classname="CucumberTests" time="0.712">
    <failure message="Failed to load ApplicationContext" type="java.lang.IllegalStateException">java.lang.IllegalStateException: Failed to load ApplicationContext
Caused by: org.springframework.beans.factory.UnsatisfiedDependencyException: 
Error creating bean with name 'crearAtributoPage' defined in file [C:\Users\berdinas\IdeaProjects\delta_regresion_v1\delta_atributos_v2\target\test-classes\qa\pageobjects\CrearAtributoPage.class]: Unsatisfied dependency expressed through constructor parameter 0; nested exception is org.springframework.beans.factory.BeanCreationException: Error creating bean with name 'webDriver' defined in qa.conf.DriverConfig: Bean instantiation via factory method failed; nested exception is org.springframework.beans.BeanInstantiationException: Failed to instantiate [org.openqa.selenium.WebDriver]: Factory method 'webDriver' threw exception; nested exception is org.openqa.selenium.WebDriverException: unknown error: cannot find Chrome binary
Build info: version: '4.0.0-alpha-4', revision: 'c2d955b49e'
System info: host: 'MDZN0094', ip: '10.251.253.16', os.name: 'Windows 10', os.arch: 'amd64', os.version: '10.0', java.version: '1.8.0_251'
Driver info: driver.version: ChromeDriver
remote stacktrace: Backtrace:
	Ordinal0 [0x00579563+2725219]
	Ordinal0 [0x00478551+1672529]
	Ordinal0 [0x00360359+525145]
	Ordinal0 [0x002ECA64+51812]
	Ordinal0 [0x0030CC37+183351]
	Ordinal0 [0x0030CA3D+182845]
	Ordinal0 [0x0030A94B+174411]
	Ordinal0 [0x002F2528+75048]
	Ordinal0 [0x002F35A0+79264]
	Ordinal0 [0x002F3539+79161]
	Ordinal0 [0x0048D607+1758727]
	GetHandleVerifier [0x00696546+1050150]
	GetHandleVerifier [0x00696291+1049457]
	GetHandleVerifier [0x006A10D7+1094071]
	GetHandleVerifier [0x00696B46+1051686]
	Ordinal0 [0x00485B06+1727238]
	Ordinal0 [0x0048EB7B+1764219]
	Ordinal0 [0x0048ECE3+1764579]
	Ordinal0 [0x004A4C05+1854469]
	BaseThreadInitThunk [0x76006359+25]
	RtlGetAppContainerNamedObjectPath [0x777C7B74+228]
	RtlGetAppContainerNamedObjectPath [0x777C7B44+180]

Caused by: org.springframework.beans.factory.BeanCreationException: 
Error creating bean with name 'webDriver' defined in qa.conf.DriverConfig: Bean instantiation via factory method failed; nested exception is org.springframework.beans.BeanInstantiationException: Failed to instantiate [org.openqa.selenium.WebDriver]: Factory method 'webDriver' threw exception; nested exception is org.openqa.selenium.WebDriverException: unknown error: cannot find Chrome binary
Build info: version: '4.0.0-alpha-4', revision: 'c2d955b49e'
System info: host: 'MDZN0094', ip: '10.251.253.16', os.name: 'Windows 10', os.arch: 'amd64', os.version: '10.0', java.version: '1.8.0_251'
Driver info: driver.version: ChromeDriver
remote stacktrace: Backtrace:
	Ordinal0 [0x00579563+2725219]
	Ordinal0 [0x00478551+1672529]
	Ordinal0 [0x00360359+525145]
	Ordinal0 [0x002ECA64+51812]
	Ordinal0 [0x0030CC37+183351]
	Ordinal0 [0x0030CA3D+182845]
	Ordinal0 [0x0030A94B+174411]
	Ordinal0 [0x002F2528+75048]
	Ordinal0 [0x002F35A0+79264]
	Ordinal0 [0x002F3539+79161]
	Ordinal0 [0x0048D607+1758727]
	GetHandleVerifier [0x00696546+1050150]
	GetHandleVerifier [0x00696291+1049457]
	GetHandleVerifier [0x006A10D7+1094071]
	GetHandleVerifier [0x00696B46+1051686]
	Ordinal0 [0x00485B06+1727238]
	Ordinal0 [0x0048EB7B+1764219]
	Ordinal0 [0x0048ECE3+1764579]
	Ordinal0 [0x004A4C05+1854469]
	BaseThreadInitThunk [0x76006359+25]
	RtlGetAppContainerNamedObjectPath [0x777C7B74+228]
	RtlGetAppContainerNamedObjectPath [0x777C7B44+180]

Caused by: org.springframework.beans.BeanInstantiationException: 
Failed to instantiate [org.openqa.selenium.WebDriver]: Factory method 'webDriver' threw exception; nested exception is org.openqa.selenium.WebDriverException: unknown error: cannot find Chrome binary
Build info: version: '4.0.0-alpha-4', revision: 'c2d955b49e'
System info: host: 'MDZN0094', ip: '10.251.253.16', os.name: 'Windows 10', os.arch: 'amd64', os.version: '10.0', java.version: '1.8.0_251'
Driver info: driver.version: ChromeDriver
remote stacktrace: Backtrace:
	Ordinal0 [0x00579563+2725219]
	Ordinal0 [0x00478551+1672529]
	Ordinal0 [0x00360359+525145]
	Ordinal0 [0x002ECA64+51812]
	Ordinal0 [0x0030CC37+183351]
	Ordinal0 [0x0030CA3D+182845]
	Ordinal0 [0x0030A94B+174411]
	Ordinal0 [0x002F2528+75048]
	Ordinal0 [0x002F35A0+79264]
	Ordinal0 [0x002F3539+79161]
	Ordinal0 [0x0048D607+1758727]
	GetHandleVerifier [0x00696546+1050150]
	GetHandleVerifier [0x00696291+1049457]
	GetHandleVerifier [0x006A10D7+1094071]
	GetHandleVerifier [0x00696B46+1051686]
	Ordinal0 [0x00485B06+1727238]
	Ordinal0 [0x0048EB7B+1764219]
	Ordinal0 [0x0048ECE3+1764579]
	Ordinal0 [0x004A4C05+1854469]
	BaseThreadInitThunk [0x76006359+25]
	RtlGetAppContainerNamedObjectPath [0x777C7B74+228]
	RtlGetAppContainerNamedObjectPath [0x777C7B44+180]

Caused by: org.openqa.selenium.WebDriverException: 
unknown error: cannot find Chrome binary
Build info: version: '4.0.0-alpha-4', revision: 'c2d955b49e'
System info: host: 'MDZN0094', ip: '10.251.253.16', os.name: 'Windows 10', os.arch: 'amd64', os.version: '10.0', java.version: '1.8.0_251'
Driver info: driver.version: ChromeDriver
remote stacktrace: Backtrace:
	Ordinal0 [0x00579563+2725219]
	Ordinal0 [0x00478551+1672529]
	Ordinal0 [0x00360359+525145]
	Ordinal0 [0x002ECA64+51812]
	Ordinal0 [0x0030CC37+183351]
	Ordinal0 [0x0030CA3D+182845]
	Ordinal0 [0x0030A94B+174411]
	Ordinal0 [0x002F2528+75048]
	Ordinal0 [0x002F35A0+79264]
	Ordinal0 [0x002F3539+79161]
	Ordinal0 [0x0048D607+1758727]
	GetHandleVerifier [0x00696546+1050150]
	GetHandleVerifier [0x00696291+1049457]
	GetHandleVerifier [0x006A10D7+1094071]
	GetHandleVerifier [0x00696B46+1051686]
	Ordinal0 [0x00485B06+1727238]
	Ordinal0 [0x0048EB7B+1764219]
	Ordinal0 [0x0048ECE3+1764579]
	Ordinal0 [0x004A4C05+1854469]
	BaseThreadInitThunk [0x76006359+25]
	RtlGetAppContainerNamedObjectPath [0x777C7B74+228]
	RtlGetAppContainerNamedObjectPath [0x777C7B44+180]

</failure>
    <system-err><![CDATA[Starting ChromeDriver 83.0.4103.39 (ccbf011cb2d2b19b506d844400483861342c20cd-refs/branch-heads/4103@{#416}) on port 23900
Only local connections are allowed.
Please see https://chromedriver.chromium.org/security-considerations for suggestions on keeping ChromeDriver safe.
ChromeDriver was started successfully.
]]></system-err>
  </testcase>
  <testcase name="runScenario" classname="CucumberTests" time="0.715">
    <failure message="Failed to load ApplicationContext" type="java.lang.IllegalStateException">java.lang.IllegalStateException: Failed to load ApplicationContext
Caused by: org.springframework.beans.factory.UnsatisfiedDependencyException: 
Error creating bean with name 'crearAtributoPage' defined in file [C:\Users\berdinas\IdeaProjects\delta_regresion_v1\delta_atributos_v2\target\test-classes\qa\pageobjects\CrearAtributoPage.class]: Unsatisfied dependency expressed through constructor parameter 0; nested exception is org.springframework.beans.factory.BeanCreationException: Error creating bean with name 'webDriver' defined in qa.conf.DriverConfig: Bean instantiation via factory method failed; nested exception is org.springframework.beans.BeanInstantiationException: Failed to instantiate [org.openqa.selenium.WebDriver]: Factory method 'webDriver' threw exception; nested exception is org.openqa.selenium.WebDriverException: unknown error: cannot find Chrome binary
Build info: version: '4.0.0-alpha-4', revision: 'c2d955b49e'
System info: host: 'MDZN0094', ip: '10.251.253.16', os.name: 'Windows 10', os.arch: 'amd64', os.version: '10.0', java.version: '1.8.0_251'
Driver info: driver.version: ChromeDriver
remote stacktrace: Backtrace:
	Ordinal0 [0x00579563+2725219]
	Ordinal0 [0x00478551+1672529]
	Ordinal0 [0x00360359+525145]
	Ordinal0 [0x002ECA64+51812]
	Ordinal0 [0x0030CC37+183351]
	Ordinal0 [0x0030CA3D+182845]
	Ordinal0 [0x0030A94B+174411]
	Ordinal0 [0x002F2528+75048]
	Ordinal0 [0x002F35A0+79264]
	Ordinal0 [0x002F3539+79161]
	Ordinal0 [0x0048D607+1758727]
	GetHandleVerifier [0x00696546+1050150]
	GetHandleVerifier [0x00696291+1049457]
	GetHandleVerifier [0x006A10D7+1094071]
	GetHandleVerifier [0x00696B46+1051686]
	Ordinal0 [0x00485B06+1727238]
	Ordinal0 [0x0048EB7B+1764219]
	Ordinal0 [0x0048ECE3+1764579]
	Ordinal0 [0x004A4C05+1854469]
	BaseThreadInitThunk [0x76006359+25]
	RtlGetAppContainerNamedObjectPath [0x777C7B74+228]
	RtlGetAppContainerNamedObjectPath [0x777C7B44+180]

Caused by: org.springframework.beans.factory.BeanCreationException: 
Error creating bean with name 'webDriver' defined in qa.conf.DriverConfig: Bean instantiation via factory method failed; nested exception is org.springframework.beans.BeanInstantiationException: Failed to instantiate [org.openqa.selenium.WebDriver]: Factory method 'webDriver' threw exception; nested exception is org.openqa.selenium.WebDriverException: unknown error: cannot find Chrome binary
Build info: version: '4.0.0-alpha-4', revision: 'c2d955b49e'
System info: host: 'MDZN0094', ip: '10.251.253.16', os.name: 'Windows 10', os.arch: 'amd64', os.version: '10.0', java.version: '1.8.0_251'
Driver info: driver.version: ChromeDriver
remote stacktrace: Backtrace:
	Ordinal0 [0x00579563+2725219]
	Ordinal0 [0x00478551+1672529]
	Ordinal0 [0x00360359+525145]
	Ordinal0 [0x002ECA64+51812]
	Ordinal0 [0x0030CC37+183351]
	Ordinal0 [0x0030CA3D+182845]
	Ordinal0 [0x0030A94B+174411]
	Ordinal0 [0x002F2528+75048]
	Ordinal0 [0x002F35A0+79264]
	Ordinal0 [0x002F3539+79161]
	Ordinal0 [0x0048D607+1758727]
	GetHandleVerifier [0x00696546+1050150]
	GetHandleVerifier [0x00696291+1049457]
	GetHandleVerifier [0x006A10D7+1094071]
	GetHandleVerifier [0x00696B46+1051686]
	Ordinal0 [0x00485B06+1727238]
	Ordinal0 [0x0048EB7B+1764219]
	Ordinal0 [0x0048ECE3+1764579]
	Ordinal0 [0x004A4C05+1854469]
	BaseThreadInitThunk [0x76006359+25]
	RtlGetAppContainerNamedObjectPath [0x777C7B74+228]
	RtlGetAppContainerNamedObjectPath [0x777C7B44+180]

Caused by: org.springframework.beans.BeanInstantiationException: 
Failed to instantiate [org.openqa.selenium.WebDriver]: Factory method 'webDriver' threw exception; nested exception is org.openqa.selenium.WebDriverException: unknown error: cannot find Chrome binary
Build info: version: '4.0.0-alpha-4', revision: 'c2d955b49e'
System info: host: 'MDZN0094', ip: '10.251.253.16', os.name: 'Windows 10', os.arch: 'amd64', os.version: '10.0', java.version: '1.8.0_251'
Driver info: driver.version: ChromeDriver
remote stacktrace: Backtrace:
	Ordinal0 [0x00579563+2725219]
	Ordinal0 [0x00478551+1672529]
	Ordinal0 [0x00360359+525145]
	Ordinal0 [0x002ECA64+51812]
	Ordinal0 [0x0030CC37+183351]
	Ordinal0 [0x0030CA3D+182845]
	Ordinal0 [0x0030A94B+174411]
	Ordinal0 [0x002F2528+75048]
	Ordinal0 [0x002F35A0+79264]
	Ordinal0 [0x002F3539+79161]
	Ordinal0 [0x0048D607+1758727]
	GetHandleVerifier [0x00696546+1050150]
	GetHandleVerifier [0x00696291+1049457]
	GetHandleVerifier [0x006A10D7+1094071]
	GetHandleVerifier [0x00696B46+1051686]
	Ordinal0 [0x00485B06+1727238]
	Ordinal0 [0x0048EB7B+1764219]
	Ordinal0 [0x0048ECE3+1764579]
	Ordinal0 [0x004A4C05+1854469]
	BaseThreadInitThunk [0x76006359+25]
	RtlGetAppContainerNamedObjectPath [0x777C7B74+228]
	RtlGetAppContainerNamedObjectPath [0x777C7B44+180]

Caused by: org.openqa.selenium.WebDriverException: 
unknown error: cannot find Chrome binary
Build info: version: '4.0.0-alpha-4', revision: 'c2d955b49e'
System info: host: 'MDZN0094', ip: '10.251.253.16', os.name: 'Windows 10', os.arch: 'amd64', os.version: '10.0', java.version: '1.8.0_251'
Driver info: driver.version: ChromeDriver
remote stacktrace: Backtrace:
	Ordinal0 [0x00579563+2725219]
	Ordinal0 [0x00478551+1672529]
	Ordinal0 [0x00360359+525145]
	Ordinal0 [0x002ECA64+51812]
	Ordinal0 [0x0030CC37+183351]
	Ordinal0 [0x0030CA3D+182845]
	Ordinal0 [0x0030A94B+174411]
	Ordinal0 [0x002F2528+75048]
	Ordinal0 [0x002F35A0+79264]
	Ordinal0 [0x002F3539+79161]
	Ordinal0 [0x0048D607+1758727]
	GetHandleVerifier [0x00696546+1050150]
	GetHandleVerifier [0x00696291+1049457]
	GetHandleVerifier [0x006A10D7+1094071]
	GetHandleVerifier [0x00696B46+1051686]
	Ordinal0 [0x00485B06+1727238]
	Ordinal0 [0x0048EB7B+1764219]
	Ordinal0 [0x0048ECE3+1764579]
	Ordinal0 [0x004A4C05+1854469]
	BaseThreadInitThunk [0x76006359+25]
	RtlGetAppContainerNamedObjectPath [0x777C7B74+228]
	RtlGetAppContainerNamedObjectPath [0x777C7B44+180]

</failure>
    <system-err><![CDATA[Starting ChromeDriver 83.0.4103.39 (ccbf011cb2d2b19b506d844400483861342c20cd-refs/branch-heads/4103@{#416}) on port 48373
Only local connections are allowed.
Please see https://chromedriver.chromium.org/security-considerations for suggestions on keeping ChromeDriver safe.
ChromeDriver was started successfully.
]]></system-err>
  </testcase>
</testsuite>